Rebuild target 'FLY'
compiling main.c...
compiling system_stm32f4xx.c...
compiling parameter.c...
compiling flightStatus.c...
compiling messageQueue.c...
compiling getsensor_task.c...
compiling sensor_task.c...
compiling navigation_task.c...
compiling control_task.c...
compiling rc.c...
compiling motor.c...
..\src\control\src\motor.c(45): warning:  #550-D: variable "maxMotorValue" was set but never used
      int16_t maxMotorValue;
..\src\control\src\motor.c: 1 warning, 0 errors
compiling flightControl.c...
compiling userControl.c...
compiling accelerometer.c...
compiling barometer.c...
compiling gyroscope.c...
compiling magnetometer.c...
compiling sensordata.c...
compiling pid.c...
compiling LevenbergMarquardt.c...
compiling mathtool.c...
compiling lowpassfilter.c...
compiling mahony.c...
compiling quaternion.c...
compiling matrix3.c...
compiling vector3.c...
compiling system.c...
compiling pwm.c...
compiling cppm.c...
compiling led.c...
compiling ws2812.c...
compiling nvic.c...
compiling soft_iic_gpio.c...
compiling mpu9250.c...
compiling bmp280.c...
compiling flash.c...
compiling beeper.c...
compiling delay.c...
compiling sys.c...
compiling usart.c...
assembling startup_stm32f40_41xxx.s...
compiling misc.c...
compiling stm32f4xx_adc.c...
compiling stm32f4xx_exti.c...
compiling stm32f4xx_flash.c...
compiling stm32f4xx_gpio.c...
compiling stm32f4xx_i2c.c...
compiling stm32f4xx_iwdg.c...
compiling stm32f4xx_rcc.c...
compiling stm32f4xx_spi.c...
compiling stm32f4xx_syscfg.c...
compiling stm32f4xx_tim.c...
compiling stm32f4xx_usart.c...
compiling stm32f4xx_dma.c...
compiling croutine.c...
compiling event_groups.c...
compiling list.c...
compiling queue.c...
compiling tasks.c...
compiling timers.c...
compiling heap_4.c...
compiling port.c...
linking...
Program Size: Code=36136 RO-data=1392 RW-data=508 ZI-data=40084  
FromELF: creating hex file...
".\Objects\FLY.axf" - 0 Error(s), 1 Warning(s).
